Release 14.7 - xst P.20131013 (nt64)
Copyright (c) 1995-2013 Xilinx, Inc.  All rights reserved.
--> Parameter TMPDIR set to xst/projnav.tmp


Total REAL time to Xst completion: 1.00 secs
Total CPU time to Xst completion: 0.45 secs
 
--> Parameter xsthdpdir set to xst


Total REAL time to Xst completion: 1.00 secs
Total CPU time to Xst completion: 0.45 secs
 
--> Reading design: FA_MULTISS.prj

TABLE OF CONTENTS
  1) Synthesis Options Summary
  2) HDL Compilation
  3) Design Hierarchy Analysis
  4) HDL Analysis
  5) HDL Synthesis
     5.1) HDL Synthesis Report
  6) Advanced HDL Synthesis
     6.1) Advanced HDL Synthesis Report
  7) Low Level Synthesis
  8) Partition Report
  9) Final Report
	9.1) Device utilization summary
	9.2) Partition Resource Summary
	9.3) TIMING REPORT


=========================================================================
*                      Synthesis Options Summary                        *
=========================================================================
---- Source Parameters
Input File Name                    : "FA_MULTISS.prj"
Input Format                       : mixed
Ignore Synthesis Constraint File   : NO

---- Target Parameters
Output File Name                   : "FA_MULTISS"
Output Format                      : NGC
Target Device                      : xc3s500e-5-ft256

---- Source Options
Top Module Name                    : FA_MULTISS
Automatic FSM Extraction           : YES
FSM Encoding Algorithm             : Auto
Safe Implementation                : No
FSM Style                          : LUT
RAM Extraction                     : Yes
RAM Style                          : Auto
ROM Extraction                     : Yes
Mux Style                          : Auto
Decoder Extraction                 : YES
Priority Encoder Extraction        : Yes
Shift Register Extraction          : YES
Logical Shifter Extraction         : YES
XOR Collapsing                     : YES
ROM Style                          : Auto
Mux Extraction                     : Yes
Resource Sharing                   : YES
Asynchronous To Synchronous        : NO
Multiplier Style                   : Auto
Automatic Register Balancing       : No

---- Target Options
Add IO Buffers                     : YES
Global Maximum Fanout              : 100000
Add Generic Clock Buffer(BUFG)     : 24
Register Duplication               : YES
Slice Packing                      : YES
Optimize Instantiated Primitives   : NO
Use Clock Enable                   : Yes
Use Synchronous Set                : Yes
Use Synchronous Reset              : Yes
Pack IO Registers into IOBs        : Auto
Equivalent register Removal        : YES

---- General Options
Optimization Goal                  : Speed
Optimization Effort                : 1
Keep Hierarchy                     : No
Netlist Hierarchy                  : As_Optimized
RTL Output                         : Yes
Global Optimization                : AllClockNets
Read Cores                         : YES
Write Timing Constraints           : NO
Cross Clock Analysis               : NO
Hierarchy Separator                : /
Bus Delimiter                      : <>
Case Specifier                     : Maintain
Slice Utilization Ratio            : 100
BRAM Utilization Ratio             : 100
Verilog 2001                       : YES
Auto BRAM Packing                  : NO
Slice Utilization Ratio Delta      : 5

=========================================================================


=========================================================================
*                          HDL Compilation                              *
=========================================================================
Compiling verilog file "FA_MULTISS.v" in library work
Module <FA_MULTISS> compiled
No errors in compilation
Analysis of file <"FA_MULTISS.prj"> succeeded.
 

=========================================================================
*                     Design Hierarchy Analysis                         *
=========================================================================
Analyzing hierarchy for module <FA_MULTISS> in library <work>.


=========================================================================
*                            HDL Analysis                               *
=========================================================================
Analyzing top module <FA_MULTISS>.
Module <FA_MULTISS> is correct for synthesis.
 

=========================================================================
*                           HDL Synthesis                               *
=========================================================================

Performing bidirectional port resolution...

Synthesizing Unit <FA_MULTISS>.
    Related source file is "FA_MULTISS.v".
    Found 8-bit adder for signal <resu>.
    Found 8-bit adder for signal <resu$addsub0000> created at line 17.
    Found 8-bit adder for signal <resu$addsub0001> created at line 17.
    Summary:
	inferred   3 Adder/Subtractor(s).
Unit <FA_MULTISS> synthesized.


=========================================================================
HDL Synthesis Report

Macro Statistics
# Adders/Subtractors                                   : 3
 8-bit adder                                           : 3

=========================================================================

=========================================================================
*                       Advanced HDL Synthesis                          *
=========================================================================


=========================================================================
Advanced HDL Synthesis Report

Macro Statistics
# Adders/Subtractors                                   : 3
 8-bit adder                                           : 3

=========================================================================

=========================================================================
*                         Low Level Synthesis                           *
=========================================================================

Optimizing unit <FA_MULTISS> ...

Mapping all equations...
Building and optimizing final netlist ...
Found area constraint ratio of 100 (+ 5) on block FA_MULTISS, actual ratio is 0.

Final Macro Processing ...

=========================================================================
Final Register Report

Found no macro
=========================================================================

=========================================================================
*                           Partition Report                            *
=========================================================================

Partition Implementation Status
-------------------------------

  No Partitions were found in this design.

-------------------------------

=========================================================================
*                            Final Report                               *
=========================================================================
Final Results
RTL Top Level Output File Name     : FA_MULTISS.ngr
Top Level Output File Name         : FA_MULTISS
Output Format                      : NGC
Optimization Goal                  : Speed
Keep Hierarchy                     : No

Design Statistics
# IOs                              : 16

Cell Usage :
# BELS                             : 36
#      LUT2                        : 5
#      LUT3                        : 6
#      LUT4                        : 22
#      MUXF5                       : 3
# IO Buffers                       : 16
#      IBUF                        : 8
#      OBUF                        : 8
=========================================================================

Device utilization summary:
---------------------------

Selected Device : 3s500eft256-5 

 Number of Slices:                       19  out of   4656     0%  
 Number of 4 input LUTs:                 33  out of   9312     0%  
 Number of IOs:                          16
 Number of bonded IOBs:                  16  out of    190     8%  

---------------------------
Partition Resource Summary:
---------------------------

  No Partitions were found in this design.

---------------------------


=========================================================================
TIMING REPORT

NOTE: THESE TIMING NUMBERS ARE ONLY A SYNTHESIS ESTIMATE.
      FOR ACCURATE TIMING INFORMATION PLEASE REFER TO THE TRACE REPORT
      GENERATED AFTER PLACE-and-ROUTE.

Clock Information:
------------------
No clock signals found in this design

Asynchronous Control Signals Information:
----------------------------------------
No asynchronous control signals found in this design

Timing Summary:
---------------
Speed Grade: -5

   Minimum period: No path found
   Minimum input arrival time before clock: No path found
   Maximum output required time after clock: No path found
   Maximum combinational path delay: 14.321ns

Timing Detail:
--------------
All values displayed in nanoseconds (ns)

=========================================================================
Timing constraint: Default path analysis
  Total number of paths / destination ports: 929 / 8
-------------------------------------------------------------------------
Delay:               14.321ns (Levels of Logic = 11)
  Source:            mulcado<1> (PAD)
  Destination:       resu<7> (PAD)

  Data Path: mulcado<1> to resu<7>
                                Gate     Net
    Cell:in->out      fanout   Delay   Delay  Logical Name (Net Name)
    ----------------------------------------  ------------
     IBUF:I->O            10   1.106   0.902  mulcado_1_IBUF (mulcado_1_IBUF)
     LUT2:I0->O            3   0.612   0.451  p1_and00011 (p1<3>)
     MUXF5:S->O            4   0.641   0.651  Madd_resu_addsub0001C21_f5 (Madd_resu_addsub0001C2)
     LUT3:I0->O            1   0.612   0.000  Madd_resu_addsub0001_Madd_lut<4>2 (Madd_resu_addsub0001_Madd_lut<4>2)
     MUXF5:I0->O           3   0.278   0.603  Madd_resu_addsub0001_Madd_lut<4>_f5 (Madd_resu_addsub0001_Madd_lut<4>)
     LUT4:I0->O            2   0.612   0.532  Madd_resu_addsub0001_Madd_xor<4>11 (resu_addsub0001<4>)
     LUT3:I0->O            2   0.612   0.532  Madd_resu_lut<4>1 (Madd_resu_lut<4>)
     LUT4:I0->O            3   0.612   0.454  Madd_resu_cy<4>11 (Madd_resu_cy<4>)
     LUT4:I3->O            1   0.612   0.360  Madd_resu_cy<6>1_SW0 (N10)
     LUT4:I3->O            1   0.612   0.357  Madd_resu_cy<6>1 (Madd_resu_cy<6>)
     OBUF:I->O                 3.169          resu_7_OBUF (resu<7>)
    ----------------------------------------
    Total                     14.321ns (9.478ns logic, 4.843ns route)
                                       (66.2% logic, 33.8% route)

=========================================================================


Total REAL time to Xst completion: 7.00 secs
Total CPU time to Xst completion: 7.11 secs
 
--> 

Total memory usage is 289668 kilobytes

Number of errors   :    0 (   0 filtered)
Number of warnings :    0 (   0 filtered)
Number of infos    :    0 (   0 filtered)

